<?xml version="1.0" encoding="UTF-8"?>
<!-- Generated by org.testng.reporters.JUnitReportReporter -->
<testsuite hostname="LAPTOP-5NDPDKJ3" failures="0" tests="1" name="seleniumprojecttestcases.LauchApplication" time="10.159" errors="0" timestamp="2023-12-02T12:11:32 IST" skipped="0">
  <testcase classname="seleniumprojecttestcases.LauchApplication" name="set" time="10.159"/>
</testsuite> <!-- seleniumprojecttestcases.LauchApplication -->
