<?xml version="1.0" encoding="UTF-8"?>
<!-- Generated by org.testng.reporters.JUnitReportReporter -->
<testsuite hostname="LAPTOP-5NDPDKJ3" failures="0" tests="1" name="seleniumprojecttestcases.SampleTestNGtTst" time="8.291" errors="0" timestamp="2023-12-02T12:10:15 IST" skipped="0">
  <testcase classname="seleniumprojecttestcases.SampleTestNGtTst" name="set" time="8.291"/>
</testsuite> <!-- seleniumprojecttestcases.SampleTestNGtTst -->
