<?xml version="1.0" encoding="UTF-8"?>
<!-- Generated by org.testng.reporters.JUnitReportReporter -->
<testsuite hostname="LAPTOP-5NDPDKJ3" failures="0" tests="1" name="seleniumprojecttestcases.LauchApplication" time="12.200" errors="0" timestamp="2023-12-02T23:29:23 IST" skipped="0">
  <testcase classname="seleniumprojecttestcases.LauchApplication" name="setup" time="12.200"/>
</testsuite> <!-- seleniumprojecttestcases.LauchApplication -->
